<?xml version="1.0" encoding="UTF-8"?>
<Site BuildName="Linux-x86_64-linux-gnu-g++-9"
	BuildStamp="20220127-1701-Experimental"
	Name="kdeoliveira"
	Generator="ctest-3.16.3"
	CompilerName="/bin/x86_64-linux-gnu-g++-9"
	CompilerVersion="9.3.0"
	OSName="Linux"
	Hostname="kdeoliveira"
	OSRelease="5.13.0-27-generic"
	OSVersion="#29~20.04.1-Ubuntu SMP Fri Jan 14 00:32:30 UTC 2022"
	OSPlatform="x86_64"
	Is64Bits="1"
	VendorString="AuthenticAMD"
	VendorID="Advanced Micro Devices"
	FamilyID="23"
	ModelID="8"
	ProcessorCacheSize="512"
	NumberOfLogicalCPU="12"
	NumberOfPhysicalCPU="6"
	TotalVirtualMemory="2047"
	TotalPhysicalMemory="15928"
	LogicalProcessorsPerPhysical="2"
	ProcessorClockFrequency="1550"
	>
	<Testing>
		<StartDateTime>Jan 27 17:25 EST</StartDateTime>
		<StartTestTime>1643322328</StartTestTime>
		<TestList/>
		<EndDateTime>Jan 27 17:25 EST</EndDateTime>
		<EndTestTime>1643322328</EndTestTime>
		<ElapsedMinutes>0</ElapsedMinutes>
	</Testing>
</Site>
