<?xml version="1.0" encoding="UTF-8"?>
<Site BuildName="Linux-x86_64-linux-gnu-g++-9"
	BuildStamp="20220221-0148-Experimental"
	Name="kdeoliveira"
	Generator="ctest-3.16.3"
	CompilerName="/bin/x86_64-linux-gnu-g++-9"
	CompilerVersion="9.3.0"
	OSName="Linux"
	Hostname="kdeoliveira"
	OSRelease="5.13.0-28-generic"
	OSVersion="#31~20.04.1-Ubuntu SMP Wed Jan 19 14:08:10 UTC 2022"
	OSPlatform="x86_64"
	Is64Bits="1"
	VendorString="AuthenticAMD"
	VendorID="Advanced Micro Devices"
	FamilyID="23"
	ModelID="8"
	ProcessorCacheSize="512"
	NumberOfLogicalCPU="12"
	NumberOfPhysicalCPU="6"
	TotalVirtualMemory="2047"
	TotalPhysicalMemory="15928"
	LogicalProcessorsPerPhysical="2"
	ProcessorClockFrequency="1550"
	>
	<Testing>
		<StartDateTime>Feb 20 20:48 EST</StartDateTime>
		<StartTestTime>1645408109</StartTestTime>
		<TestList/>
		<EndDateTime>Feb 20 20:48 EST</EndDateTime>
		<EndTestTime>1645408109</EndTestTime>
		<ElapsedMinutes>0</ElapsedMinutes>
	</Testing>
</Site>
