<?xml version="1.0" encoding="UTF-8"?>
<Site BuildName="Linux-c++"
	BuildStamp="20220218-1729-Experimental"
	Name="kdeoliveira"
	Generator="ctest-3.16.3"
	CompilerName="/usr/bin/c++"
	CompilerVersion="9.3.0"
	OSName="Linux"
	Hostname="kdeoliveira"
	OSRelease="5.13.0-28-generic"
	OSVersion="#31~20.04.1-Ubuntu SMP Wed Jan 19 14:08:10 UTC 2022"
	OSPlatform="x86_64"
	Is64Bits="1"
	VendorString="GenuineIntel"
	VendorID="Intel Corporation"
	FamilyID="6"
	ModelID="142"
	ProcessorCacheSize="6144"
	NumberOfLogicalCPU="8"
	NumberOfPhysicalCPU="4"
	TotalVirtualMemory="2047"
	TotalPhysicalMemory="7690"
	LogicalProcessorsPerPhysical="2"
	ProcessorClockFrequency="1800"
	>
	<Testing>
		<StartDateTime>Feb 18 12:29 EST</StartDateTime>
		<StartTestTime>1645205390</StartTestTime>
		<TestList/>
		<EndDateTime>Feb 18 12:29 EST</EndDateTime>
		<EndTestTime>1645205390</EndTestTime>
		<ElapsedMinutes>0</ElapsedMinutes>
	</Testing>
</Site>
